2023-09-02 02:19:09  [TC1_PostRequest] (main:) status code is matching with the Response
2023-09-02 02:19:10  [TC2_GetAllRequest] (main:) status code is matching with the Response
2023-09-02 02:19:10  [TC3_GetParticular] (main:) status code is matching with the Response
2023-09-02 02:19:10  [TC4_PutRequest] (main:) status code is matching with the Response
2023-09-02 02:19:11  [TC5_DeleteRequest] (main:) status code is matching with the Response
2023-09-02 02:30:58  [TC1_PostRequest] (main:) status code is matching with the Response
2023-09-02 02:30:59  [TC2_GetAllRequest] (main:) status code is matching with the Response
2023-09-02 02:30:59  [TC3_GetParticular] (main:) status code is matching with the Response
2023-09-02 02:30:59  [TC4_PutRequest] (main:) status code is matching with the Response
2023-09-02 02:31:00  [TC5_DeleteRequest] (main:) status code is matching with the Response
2023-09-02 02:32:41  [TC1_PostRequest] (main:) status code is matching with the Response
2023-09-02 02:32:42  [TC2_GetAllRequest] (main:) status code is matching with the Response
2023-09-02 02:32:42  [TC3_GetParticular] (main:) status code is matching with the Response
2023-09-02 02:32:43  [TC4_PutRequest] (main:) status code is matching with the Response
2023-09-02 02:32:43  [TC5_DeleteRequest] (main:) status code is matching with the Response
2023-09-02 07:53:55  [TC1_PostRequest] (main:) status code is matching with the Response
2023-09-02 07:53:56  [TC2_GetAllRequest] (main:) status code is matching with the Response
2023-09-02 07:53:56  [TC3_GetParticular] (main:) status code is matching with the Response
2023-09-02 07:53:56  [TC4_PutRequest] (main:) status code is matching with the Response
2023-09-02 07:53:57  [TC5_DeleteRequest] (main:) status code is matching with the Response
